<?xml version="1.0" encoding="UTF-8"?>
<!-- Generated by org.testng.reporters.JUnitReportReporter -->
<testsuite hostname="MetaVM2" failures="0" tests="1" name="Meta.AWCTeamCenter.JenkinsDemoTest1" time="13.118" errors="0" timestamp="14 Dec 2023 21:08:07 GMT" skipped="0">
  <testcase classname="Meta.AWCTeamCenter.JenkinsDemoTest1" name="JenkinsDemoTest1" time="13.118"/>
</testsuite> <!-- Meta.AWCTeamCenter.JenkinsDemoTest1 -->
